<?xml version="1.0" encoding="UTF-8"?>
<testsuite xmlns:xsi="http://www.w3.org/2001/XMLSchema-instance" xsi:noNamespaceSchemaLocation="https://maven.apache.org/surefire/maven-surefire-plugin/xsd/surefire-test-report-3.0.xsd" version="3.0" name="runners.TestRunner" time="9.228" tests="1" errors="0" skipped="0" failures="0">
  <properties>
[...]
</properties>
  <testcase name="Fill and submit form" classname="Submit web form" time="7.301">
    <system-out><![CDATA[
Scenario: Fill and submit form               # src/test/resources/features/WebForm.feature:3
  Given User launches the web form           # stepdefinitions.WebFormSteps.launchWebForm()
  When User fills out the form               # stepdefinitions.WebFormSteps.fillOutForm()
  And User submits the form                  # stepdefinitions.WebFormSteps.submitForm()
  Then Form should be submitted successfully # stepdefinitions.WebFormSteps.verifySubmission()
]]></system-out>
    <system-err><![CDATA[Apr 03, 2025 10:54:30 PM org.openqa.selenium.devtools.CdpVersionFinder findNearestMatch
WARNING: Unable to find CDP implementation matching 134
Apr 03, 2025 10:54:30 PM org.openqa.selenium.chromium.ChromiumDriver lambda$new$5
WARNING: Unable to find version of CDP to use for 134.0.6998.178. You may need to include a dependency on a specific version of the CDP using something similar to `org.seleniumhq.selenium:selenium-devtools-v86:4.18.1` where the version ("v86") matches the version of the chromium-based browser you're using and the version number of the artifact is the same as Selenium's.
]]></system-err>
  </testcase>
</testsuite>